2025-11-24 00:11:30 [WARNING] System started
2025-11-23 14:16:30 [WARNING] Connection failed
2025-11-23 23:41:30 [INFO] High CPU usage detected
2025-11-24 03:58:30 [INFO] Authentication failed
2025-11-24 18:55:30 [ERROR] Background task completed
2025-11-26 03:22:30 [WARNING] Network timeout
2025-11-24 23:15:30 [INFO] Memory threshold exceeded
2025-11-23 13:03:30 [ERROR] Configuration loaded
2025-11-24 01:48:30 [INFO] High CPU usage detected
2025-11-25 07:52:30 [INFO] Disk space low
2025-11-26 06:25:30 [INFO] Service restarted
2025-11-25 02:51:30 [INFO] Permission denied
2025-11-25 21:20:30 [ERROR] Background task completed
2025-11-25 20:25:30 [WARNING] Service restarted
2025-11-25 21:37:30 [INFO] File not found
2025-11-23 14:49:30 [INFO] Memory threshold exceeded
2025-11-26 08:55:30 [INFO] Background task completed
2025-11-26 12:13:30 [WARNING] Background task completed
2025-11-24 08:44:30 [WARNING] Configuration loaded
2025-11-24 21:44:30 [INFO] System started
2025-11-25 17:02:30 [ERROR] Background task completed
2025-11-24 00:28:30 [ERROR] Connection failed
2025-11-23 21:35:30 [INFO] User logged in
2025-11-25 17:09:30 [WARNING] Service restarted
2025-11-23 22:59:30 [WARNING] System started
2025-11-26 07:51:30 [ERROR] Network timeout
2025-11-24 08:08:30 [ERROR] High CPU usage detected
2025-11-24 01:06:30 [WARNING] Connection failed
2025-11-24 16:22:30 [WARNING] Background task completed
2025-11-23 22:58:30 [ERROR] System started
2025-11-24 03:44:30 [INFO] Disk space low
2025-11-23 21:52:30 [ERROR] Connection failed
2025-11-23 13:20:30 [ERROR] File not found
2025-11-23 05:06:30 [ERROR] Permission denied
2025-11-23 11:23:30 [INFO] Memory threshold exceeded
2025-11-23 03:19:30 [WARNING] Permission denied
2025-11-24 21:32:30 [ERROR] Background task completed
2025-11-25 05:41:30 [INFO] Memory threshold exceeded
2025-11-26 06:26:30 [ERROR] Unexpected error occurred
2025-11-23 11:40:30 [INFO] Configuration loaded
2025-11-23 14:56:30 [INFO] High CPU usage detected
2025-11-24 06:12:30 [WARNING] Authentication failed
2025-11-24 05:25:30 [ERROR] Background task completed
2025-11-25 18:59:30 [ERROR] Permission denied
2025-11-26 07:53:30 [WARNING] Configuration loaded
2025-11-23 13:08:30 [INFO] Memory threshold exceeded
2025-11-25 19:25:30 [ERROR] Background task completed
2025-11-23 07:48:30 [WARNING] User logged in
2025-11-24 23:03:30 [WARNING] High CPU usage detected
2025-11-24 05:37:30 [ERROR] Permission denied
2025-11-26 09:35:30 [INFO] Permission denied
2025-11-23 08:44:30 [INFO] High CPU usage detected
2025-11-26 05:13:30 [INFO] Network timeout
2025-11-23 14:21:30 [INFO] Network timeout
2025-11-26 13:07:30 [INFO] Permission denied
2025-11-26 00:57:30 [ERROR] File not found
2025-11-23 09:29:30 [ERROR] User logged in
2025-11-25 03:39:30 [WARNING] User logged in
2025-11-23 11:58:30 [ERROR] Configuration loaded
2025-11-26 09:04:30 [WARNING] Unexpected error occurred
